[  1%] Built target autoware_auto_mapping_msgs__cpp
[35m[1mConsolidate compiler generated dependencies of target autoware_auto_mapping_msgs__rosidl_generator_c[0m
[35m[1mConsolidate compiler generated dependencies of target autoware_auto_mapping_msgs__rosidl_typesupport_cpp[0m
[35m[1mConsolidate compiler generated dependencies of target autoware_auto_mapping_msgs__rosidl_typesupport_introspection_cpp[0m
[35m[1mConsolidate compiler generated dependencies of target autoware_auto_mapping_msgs__rosidl_typesupport_fastrtps_cpp[0m
[ 12%] Built target autoware_auto_mapping_msgs__rosidl_generator_c
[35m[1mConsolidate compiler generated dependencies of target autoware_auto_mapping_msgs__rosidl_typesupport_c[0m
[35m[1mConsolidate compiler generated dependencies of target autoware_auto_mapping_msgs__rosidl_typesupport_introspection_c[0m
[35m[1mConsolidate compiler generated dependencies of target autoware_auto_mapping_msgs__rosidl_typesupport_fastrtps_c[0m
[ 12%] Built target ament_cmake_python_copy_autoware_auto_mapping_msgs
[ 23%] Built target autoware_auto_mapping_msgs__rosidl_typesupport_c
[ 34%] Built target autoware_auto_mapping_msgs__rosidl_typesupport_cpp
[ 45%] Built target autoware_auto_mapping_msgs__rosidl_typesupport_introspection_cpp
[ 56%] Built target autoware_auto_mapping_msgs__rosidl_typesupport_introspection_c
[ 67%] Built target autoware_auto_mapping_msgs__rosidl_typesupport_fastrtps_cpp
running egg_info
writing autoware_auto_mapping_msgs.egg-info/PKG-INFO
writing dependency_links to autoware_auto_mapping_msgs.egg-info/dependency_links.txt
interrupted
gmake[2]: *** [CMakeFiles/ament_cmake_python_build_autoware_auto_mapping_msgs_egg.dir/build.make:70: CMakeFiles/ament_cmake_python_build_autoware_auto_mapping_msgs_egg] Interrupt
gmake[1]: *** [CMakeFiles/Makefile2:447: CMakeFiles/ament_cmake_python_build_autoware_auto_mapping_msgs_egg.dir/all] Interrupt
gmake[1]: *** wait: No child processes.  Stop.
gmake[1]: *** Waiting for unfinished jobs....
gmake[1]: *** wait: No child processes.  Stop.
gmake: *** [Makefile:146: all] Error 2
