[0.161s] Invoking command in '/media/william/blueicedrive/Github/AutowareUniverse-Carla/build/autoware_auto_mapping_msgs': /usr/bin/cmake --build /media/william/blueicedrive/Github/AutowareUniverse-Carla/build/autoware_auto_mapping_msgs -- -j20 -l20
[4.268s] [  1%] Built target autoware_auto_mapping_msgs__cpp
[4.269s] [35m[1mConsolidate compiler generated dependencies of target autoware_auto_mapping_msgs__rosidl_generator_c[0m
[4.307s] [35m[1mConsolidate compiler generated dependencies of target autoware_auto_mapping_msgs__rosidl_typesupport_cpp[0m
[4.318s] [35m[1mConsolidate compiler generated dependencies of target autoware_auto_mapping_msgs__rosidl_typesupport_introspection_cpp[0m
[4.319s] [35m[1mConsolidate compiler generated dependencies of target autoware_auto_mapping_msgs__rosidl_typesupport_fastrtps_cpp[0m
[4.320s] [ 12%] Built target autoware_auto_mapping_msgs__rosidl_generator_c
[4.371s] [35m[1mConsolidate compiler generated dependencies of target autoware_auto_mapping_msgs__rosidl_typesupport_c[0m
[4.373s] [35m[1mConsolidate compiler generated dependencies of target autoware_auto_mapping_msgs__rosidl_typesupport_introspection_c[0m
[4.375s] [35m[1mConsolidate compiler generated dependencies of target autoware_auto_mapping_msgs__rosidl_typesupport_fastrtps_c[0m
[4.381s] [ 12%] Built target ament_cmake_python_copy_autoware_auto_mapping_msgs
[4.650s] [ 23%] Built target autoware_auto_mapping_msgs__rosidl_typesupport_c
[4.690s] [ 34%] Built target autoware_auto_mapping_msgs__rosidl_typesupport_cpp
[4.883s] [ 45%] Built target autoware_auto_mapping_msgs__rosidl_typesupport_introspection_cpp
[5.147s] [ 56%] Built target autoware_auto_mapping_msgs__rosidl_typesupport_introspection_c
[5.628s] [ 67%] Built target autoware_auto_mapping_msgs__rosidl_typesupport_fastrtps_cpp
[6.195s] running egg_info
[6.212s] writing autoware_auto_mapping_msgs.egg-info/PKG-INFO
[6.284s] writing dependency_links to autoware_auto_mapping_msgs.egg-info/dependency_links.txt
[6.366s] interrupted
[6.419s] gmake[2]: *** [CMakeFiles/ament_cmake_python_build_autoware_auto_mapping_msgs_egg.dir/build.make:70: CMakeFiles/ament_cmake_python_build_autoware_auto_mapping_msgs_egg] Interrupt
[6.420s] gmake[1]: *** [CMakeFiles/Makefile2:447: CMakeFiles/ament_cmake_python_build_autoware_auto_mapping_msgs_egg.dir/all] Interrupt
[6.421s] gmake[1]: *** wait: No child processes.  Stop.
[6.421s] gmake[1]: *** Waiting for unfinished jobs....
[6.422s] gmake[1]: *** wait: No child processes.  Stop.
[6.422s] gmake: *** [Makefile:146: all] Error 2
